0 info it worked if it ends with ok
1 verbose cli [ 'C:\\Program Files\\nodejs\\node.exe',
1 verbose cli   'C:\\Program Files\\nodejs\\node_modules\\npm\\bin\\npm-cli.js',
1 verbose cli   'start' ]
2 info using npm@3.10.10
3 info using node@v6.11.4
4 verbose run-script [ 'prestart', 'start', 'poststart' ]
5 info lifecycle quiz-app@0.0.1~prestart: quiz-app@0.0.1
6 verbose lifecycle quiz-app@0.0.1~prestart: unsafe-perm in lifecycle true
7 verbose lifecycle quiz-app@0.0.1~prestart: PATH: C:\Program Files\nodejs\node_modules\npm\bin\node-gyp-bin;C:\Programming\Web Development\quizApp\node_modules\.bin;C:\ProgramData\Oracle\Java\javapath;C:\WINDOWS\system32;C:\WINDOWS;C:\WINDOWS\System32\Wbem;C:\WINDOWS\System32\WindowsPowerShell\v1.0\;C:\Program Files\PuTTY\;C:\Program Files (x86)\Brackets\command;C:\Program Files\Common Files\Autodesk Shared\;C:\Program Files\Microsoft SQL Server\130\Tools\Binn\;C:\Program Files\dotnet\;C:\Program Files\Git\cmd;C:\Program Files\nodejs\;C:\Program Files (x86)\Autodesk\Backburner\;C:\Users\Workstation\AppData\Local\Microsoft\WindowsApps;C:\Users\Workstation\AppData\Roaming\npm
8 verbose lifecycle quiz-app@0.0.1~prestart: CWD: C:\Programming\Web Development\quizApp
9 silly lifecycle quiz-app@0.0.1~prestart: Args: [ '/d /s /c', 'npm install' ]
10 silly lifecycle quiz-app@0.0.1~prestart: Returned: code: 0  signal: null
11 info lifecycle quiz-app@0.0.1~start: quiz-app@0.0.1
12 verbose lifecycle quiz-app@0.0.1~start: unsafe-perm in lifecycle true
13 verbose lifecycle quiz-app@0.0.1~start: PATH: C:\Program Files\nodejs\node_modules\npm\bin\node-gyp-bin;C:\Programming\Web Development\quizApp\node_modules\.bin;C:\ProgramData\Oracle\Java\javapath;C:\WINDOWS\system32;C:\WINDOWS;C:\WINDOWS\System32\Wbem;C:\WINDOWS\System32\WindowsPowerShell\v1.0\;C:\Program Files\PuTTY\;C:\Program Files (x86)\Brackets\command;C:\Program Files\Common Files\Autodesk Shared\;C:\Program Files\Microsoft SQL Server\130\Tools\Binn\;C:\Program Files\dotnet\;C:\Program Files\Git\cmd;C:\Program Files\nodejs\;C:\Program Files (x86)\Autodesk\Backburner\;C:\Users\Workstation\AppData\Local\Microsoft\WindowsApps;C:\Users\Workstation\AppData\Roaming\npm
14 verbose lifecycle quiz-app@0.0.1~start: CWD: C:\Programming\Web Development\quizApp
15 silly lifecycle quiz-app@0.0.1~start: Args: [ '/d /s /c',
15 silly lifecycle   'http-server -a localhost -p 8000 -c-1 ./app/dist' ]
16 verbose stack Error: kill ENOSYS
16 verbose stack     at Object.exports._errnoException (util.js:1020:11)
16 verbose stack     at process.kill (internal/process.js:191:18)
16 verbose stack     at process.listener (C:\Program Files\nodejs\node_modules\npm\node_modules\npmlog\node_modules\gauge\node_modules\signal-exit\index.js:86:15)
16 verbose stack     at emitNone (events.js:91:20)
16 verbose stack     at process.emit (events.js:185:7)
16 verbose stack     at processEmit (C:\Program Files\nodejs\node_modules\npm\node_modules\npmlog\node_modules\gauge\node_modules\signal-exit\index.js:146:32)
16 verbose stack     at processEmit (C:\Program Files\nodejs\node_modules\npm\node_modules\npm-registry-client\node_modules\npmlog\node_modules\gauge\node_modules\signal-exit\index.js:146:32)
16 verbose stack     at Signal.wrap.onsignal (internal/process.js:217:44)
17 verbose cwd C:\Programming\Web Development\quizApp
18 error Windows_NT 10.0.14393
19 error argv "C:\\Program Files\\nodejs\\node.exe" "C:\\Program Files\\nodejs\\node_modules\\npm\\bin\\npm-cli.js" "start"
20 error node v6.11.4
21 error npm  v3.10.10
22 error code ENOSYS
23 error errno ENOSYS
24 error syscall kill
25 error kill ENOSYS
26 error If you need help, you may report this error at:
26 error     <https://github.com/npm/npm/issues>
27 verbose exit [ 1, true ]
